2020-08-20 23:30:01,837 INFO o.a.j.u.JMeterUtils: Setting Locale to en_US
2020-08-20 23:30:01,857 INFO o.a.j.JMeter: Loading user properties from: /home/arash/Desktop/apache-jmeter-5.3/bin/user.properties
2020-08-20 23:30:01,858 INFO o.a.j.JMeter: Loading system properties from: /home/arash/Desktop/apache-jmeter-5.3/bin/system.properties
2020-08-20 23:30:01,859 INFO o.a.j.JMeter: Setting JMeter property: USERS=10
2020-08-20 23:30:01,859 INFO o.a.j.JMeter: Setting JMeter property: DURATION=20
2020-08-20 23:30:01,860 INFO o.a.j.JMeter: Copyright (c) 1998-2020 The Apache Software Foundation
2020-08-20 23:30:01,861 INFO o.a.j.JMeter: Version 5.3
2020-08-20 23:30:01,861 INFO o.a.j.JMeter: java.version=1.8.0_265
2020-08-20 23:30:01,861 INFO o.a.j.JMeter: java.vm.name=OpenJDK 64-Bit Server VM
2020-08-20 23:30:01,861 INFO o.a.j.JMeter: os.name=Linux
2020-08-20 23:30:01,861 INFO o.a.j.JMeter: os.arch=amd64
2020-08-20 23:30:01,861 INFO o.a.j.JMeter: os.version=5.3.0-62-generic
2020-08-20 23:30:01,861 INFO o.a.j.JMeter: file.encoding=UTF-8
2020-08-20 23:30:01,861 INFO o.a.j.JMeter: java.awt.headless=true
2020-08-20 23:30:01,861 INFO o.a.j.JMeter: Max memory     =3732406272
2020-08-20 23:30:01,861 INFO o.a.j.JMeter: Available Processors =6
2020-08-20 23:30:01,866 INFO o.a.j.JMeter: Default Locale=English (United States)
2020-08-20 23:30:01,867 INFO o.a.j.JMeter: JMeter  Locale=English (United States)
2020-08-20 23:30:01,867 INFO o.a.j.JMeter: JMeterHome=/home/arash/Desktop/apache-jmeter-5.3
2020-08-20 23:30:01,867 INFO o.a.j.JMeter: user.dir  =/home/arash/Desktop/automation-cicd-arashbidarian02/performance-project-jmeter
2020-08-20 23:30:01,867 INFO o.a.j.JMeter: PWD       =/home/arash/Desktop/automation-cicd-arashbidarian02/performance-project-jmeter
2020-08-20 23:30:01,868 INFO o.a.j.JMeter: IP: 127.0.1.1 Name: arash-VirtualBox FullName: arash-VirtualBox
2020-08-20 23:30:01,873 ERROR o.a.j.JMeter: An error occurred: 
org.apache.jmeter.report.config.ConfigurationException: The file /home/arash/Desktop/automation-cicd-arashbidarian02/performance-project-jmeter/performance_arashbidarian.jmx doesn't exist or can't be opened
	at org.apache.jmeter.JMeter.runNonGui(JMeter.java:1003) ~[ApacheJMeter_core.jar:5.3]
	at org.apache.jmeter.JMeter.startNonGui(JMeter.java:994) ~[ApacheJMeter_core.jar:5.3]
	at org.apache.jmeter.JMeter.start(JMeter.java:566) [ApacheJMeter_core.jar:5.3]
	at sun.reflect.NativeMethodAccessorImpl.invoke0(Native Method) ~[?:1.8.0_265]
	at sun.reflect.NativeMethodAccessorImpl.invoke(NativeMethodAccessorImpl.java:62) ~[?:1.8.0_265]
	at sun.reflect.DelegatingMethodAccessorImpl.invoke(DelegatingMethodAccessorImpl.java:43) ~[?:1.8.0_265]
	at java.lang.reflect.Method.invoke(Method.java:498) ~[?:1.8.0_265]
	at org.apache.jmeter.NewDriver.main(NewDriver.java:252) [ApacheJMeter.jar:5.3]
