2020-08-17 15:22:34,095 INFO o.a.j.u.JMeterUtils: Setting Locale to en_US
2020-08-17 15:22:34,115 INFO o.a.j.JMeter: Loading user properties from: /home/arash/Desktop/apache-jmeter-5.3/bin/user.properties
2020-08-17 15:22:34,115 INFO o.a.j.JMeter: Loading system properties from: /home/arash/Desktop/apache-jmeter-5.3/bin/system.properties
2020-08-17 15:22:34,116 INFO o.a.j.JMeter: Copyright (c) 1998-2020 The Apache Software Foundation
2020-08-17 15:22:34,116 INFO o.a.j.JMeter: Version 5.3
2020-08-17 15:22:34,116 INFO o.a.j.JMeter: java.version=1.8.0_265
2020-08-17 15:22:34,116 INFO o.a.j.JMeter: java.vm.name=OpenJDK 64-Bit Server VM
2020-08-17 15:22:34,117 INFO o.a.j.JMeter: os.name=Linux
2020-08-17 15:22:34,117 INFO o.a.j.JMeter: os.arch=amd64
2020-08-17 15:22:34,117 INFO o.a.j.JMeter: os.version=5.3.0-62-generic
2020-08-17 15:22:34,117 INFO o.a.j.JMeter: file.encoding=UTF-8
2020-08-17 15:22:34,117 INFO o.a.j.JMeter: java.awt.headless=null
2020-08-17 15:22:34,117 INFO o.a.j.JMeter: Max memory     =3732406272
2020-08-17 15:22:34,117 INFO o.a.j.JMeter: Available Processors =6
2020-08-17 15:22:34,122 INFO o.a.j.JMeter: Default Locale=English (United States)
2020-08-17 15:22:34,123 INFO o.a.j.JMeter: JMeter  Locale=English (United States)
2020-08-17 15:22:34,123 INFO o.a.j.JMeter: JMeterHome=/home/arash/Desktop/apache-jmeter-5.3
2020-08-17 15:22:34,123 INFO o.a.j.JMeter: user.dir  =/home/arash/Desktop/automation-cicd-arashbidarian02
2020-08-17 15:22:34,123 INFO o.a.j.JMeter: PWD       =/home/arash/Desktop/automation-cicd-arashbidarian02
2020-08-17 15:22:34,123 INFO o.a.j.JMeter: IP: 127.0.1.1 Name: arash-VirtualBox FullName: arash-VirtualBox
2020-08-17 15:22:34,236 INFO o.a.j.JMeter: Setting LAF to: com.github.weisj.darklaf.DarkLaf:com.github.weisj.darklaf.theme.DarculaTheme
2020-08-17 15:22:34,469 INFO o.a.j.JMeter: Loaded icon properties from org/apache/jmeter/images/icon.properties
2020-08-17 15:24:04,377 INFO o.a.j.s.FileServer: Default base='/home/arash/Desktop/automation-cicd-arashbidarian02'
2020-08-17 15:24:04,379 INFO o.a.j.s.FileServer: Set new base='/home/arash/Desktop/automation-cicd-arashbidarian02/performance-project-jmeter/performance-tests'
2020-08-17 15:24:04,536 INFO o.a.j.s.SaveService: Testplan (JMX) version: 2.2. Testlog (JTL) version: 2.2
2020-08-17 15:24:04,557 INFO o.a.j.s.SaveService: Using SaveService properties file encoding UTF-8
2020-08-17 15:24:04,558 INFO o.a.j.s.SaveService: Using SaveService properties version 5.0
2020-08-17 15:24:22,905 INFO o.a.j.g.a.Load: Loading file: /home/arash/Desktop/automation-cicd-arashbidarian02/performance-project-jmeter/performance-tests/performance_arashbidarian.jmx
2020-08-17 15:24:22,905 INFO o.a.j.s.FileServer: Set new base='/home/arash/Desktop/automation-cicd-arashbidarian02/performance-project-jmeter/performance-tests'
2020-08-17 15:24:22,905 INFO o.a.j.s.SaveService: Loading file: /home/arash/Desktop/automation-cicd-arashbidarian02/performance-project-jmeter/performance-tests/performance_arashbidarian.jmx
2020-08-17 15:24:23,093 INFO o.a.j.e.KeyToolUtils: keytool found at 'keytool'
2020-08-17 15:24:23,094 INFO o.a.j.p.h.p.ProxyControl: HTTP(S) Test Script Recorder SSL Proxy will use keys that support embedded 3rd party resources in file /home/arash/Desktop/apache-jmeter-5.3/bin/proxyserver.jks
2020-08-17 15:24:23,116 INFO o.a.j.p.h.c.CookieManager: Settings: Delete null: true Check: true Allow variable: true Save: false Prefix: COOKIE_
2020-08-17 15:24:23,118 INFO o.a.j.p.h.c.CacheManager: Will only cache the following methods: [GET]
2020-08-17 15:24:23,124 INFO o.a.j.p.h.s.HTTPSamplerBase: Parser for text/html is org.apache.jmeter.protocol.http.parser.LagartoBasedHtmlParser
2020-08-17 15:24:23,124 INFO o.a.j.p.h.s.HTTPSamplerBase: Parser for application/xhtml+xml is org.apache.jmeter.protocol.http.parser.LagartoBasedHtmlParser
2020-08-17 15:24:23,124 INFO o.a.j.p.h.s.HTTPSamplerBase: Parser for application/xml is org.apache.jmeter.protocol.http.parser.LagartoBasedHtmlParser
2020-08-17 15:24:23,124 INFO o.a.j.p.h.s.HTTPSamplerBase: Parser for text/xml is org.apache.jmeter.protocol.http.parser.LagartoBasedHtmlParser
2020-08-17 15:24:23,124 INFO o.a.j.p.h.s.HTTPSamplerBase: Parser for text/vnd.wap.wml is org.apache.jmeter.protocol.http.parser.RegexpHTMLParser
2020-08-17 15:24:23,124 INFO o.a.j.p.h.s.HTTPSamplerBase: Parser for text/css is org.apache.jmeter.protocol.http.parser.CssParser
2020-08-17 15:24:23,378 INFO o.a.j.s.SampleResult: Note: Sample TimeStamps are START times
2020-08-17 15:24:23,378 INFO o.a.j.s.SampleResult: sampleresult.default.encoding is set to ISO-8859-1
2020-08-17 15:24:23,379 INFO o.a.j.s.SampleResult: sampleresult.useNanoTime=true
2020-08-17 15:24:23,379 INFO o.a.j.s.SampleResult: sampleresult.nanoThreadSleep=5000
2020-08-17 15:24:23,512 INFO o.a.j.v.ViewResultsFullVisualizer: Add JavaFX to your Java installation if you want to use renderer: org.apache.jmeter.visualizers.RenderInBrowser
2020-08-17 15:24:23,581 INFO o.a.j.s.FileServer: Set new base='/home/arash/Desktop/automation-cicd-arashbidarian02/performance-project-jmeter/performance-tests'
2020-08-17 15:24:30,184 INFO o.a.j.e.StandardJMeterEngine: Running the test!
2020-08-17 15:24:30,187 INFO o.a.j.s.SampleEvent: List of sample_variables: []
2020-08-17 15:24:30,190 INFO o.a.j.s.SampleEvent: List of sample_variables: []
2020-08-17 15:24:30,193 INFO o.a.j.e.u.CompoundVariable: Note: Function class names must contain the string: '.functions.'
2020-08-17 15:24:30,194 INFO o.a.j.e.u.CompoundVariable: Note: Function class names must not contain the string: '.gui.'
2020-08-17 15:24:30,451 INFO o.a.j.g.u.JMeterMenuBar: setRunning(true, *local*)
2020-08-17 15:24:30,650 INFO o.a.j.e.StandardJMeterEngine: Starting ThreadGroup: 1 : Thread Group
2020-08-17 15:24:30,651 INFO o.a.j.e.StandardJMeterEngine: Starting 1 threads for group Thread Group.
2020-08-17 15:24:30,651 INFO o.a.j.e.StandardJMeterEngine: Thread will continue on error
2020-08-17 15:24:30,651 INFO o.a.j.t.ThreadGroup: Starting thread group... number=1 threads=1 ramp-up=1 delayedStart=true
2020-08-17 15:24:30,656 INFO o.a.j.t.ThreadGroup: Started thread group number 1
2020-08-17 15:24:30,657 INFO o.a.j.e.StandardJMeterEngine: All thread groups have been started
2020-08-17 15:24:30,669 INFO o.a.j.t.JMeterThread: Thread started: Thread Group 1-1
2020-08-17 15:24:30,683 INFO o.a.j.p.h.s.HTTPHCAbstractImpl: Local host = arash-VirtualBox
2020-08-17 15:24:30,689 INFO o.a.j.p.h.s.HTTPHC4Impl: HTTP request retry count = 0
2020-08-17 15:24:31,325 INFO o.a.j.t.JMeterThread: Thread is done: Thread Group 1-1
2020-08-17 15:24:31,325 INFO o.a.j.t.JMeterThread: Thread finished: Thread Group 1-1
2020-08-17 15:24:31,326 INFO o.a.j.e.StandardJMeterEngine: Notifying test listeners of end of test
2020-08-17 15:24:31,327 INFO o.a.j.g.u.JMeterMenuBar: setRunning(false, *local*)
2020-08-17 15:24:32,730 INFO o.a.j.e.StandardJMeterEngine: Running the test!
2020-08-17 15:24:32,732 INFO o.a.j.s.SampleEvent: List of sample_variables: []
2020-08-17 15:24:32,735 INFO o.a.j.g.u.JMeterMenuBar: setRunning(true, *local*)
2020-08-17 15:24:32,904 INFO o.a.j.e.StandardJMeterEngine: Starting ThreadGroup: 1 : Thread Group
2020-08-17 15:24:32,904 INFO o.a.j.e.StandardJMeterEngine: Starting 1 threads for group Thread Group.
2020-08-17 15:24:32,905 INFO o.a.j.e.StandardJMeterEngine: Thread will continue on error
2020-08-17 15:24:32,905 INFO o.a.j.t.ThreadGroup: Starting thread group... number=1 threads=1 ramp-up=1 delayedStart=true
2020-08-17 15:24:32,907 INFO o.a.j.t.ThreadGroup: Started thread group number 1
2020-08-17 15:24:32,908 INFO o.a.j.e.StandardJMeterEngine: All thread groups have been started
2020-08-17 15:24:32,919 INFO o.a.j.t.JMeterThread: Thread started: Thread Group 1-1
2020-08-17 15:24:33,456 INFO o.a.j.t.JMeterThread: Thread is done: Thread Group 1-1
2020-08-17 15:24:33,456 INFO o.a.j.t.JMeterThread: Thread finished: Thread Group 1-1
2020-08-17 15:24:33,458 INFO o.a.j.e.StandardJMeterEngine: Notifying test listeners of end of test
2020-08-17 15:24:33,458 INFO o.a.j.g.u.JMeterMenuBar: setRunning(false, *local*)
2020-08-17 15:24:38,476 INFO o.a.j.e.StandardJMeterEngine: Running the test!
2020-08-17 15:24:38,476 INFO o.a.j.s.SampleEvent: List of sample_variables: []
2020-08-17 15:24:38,480 INFO o.a.j.g.u.JMeterMenuBar: setRunning(true, *local*)
2020-08-17 15:24:38,635 INFO o.a.j.e.StandardJMeterEngine: Starting ThreadGroup: 1 : Thread Group
2020-08-17 15:24:38,636 INFO o.a.j.e.StandardJMeterEngine: Starting 1 threads for group Thread Group.
2020-08-17 15:24:38,636 INFO o.a.j.e.StandardJMeterEngine: Thread will continue on error
2020-08-17 15:24:38,636 INFO o.a.j.t.ThreadGroup: Starting thread group... number=1 threads=1 ramp-up=1 delayedStart=true
2020-08-17 15:24:38,637 INFO o.a.j.t.ThreadGroup: Started thread group number 1
2020-08-17 15:24:38,637 INFO o.a.j.e.StandardJMeterEngine: All thread groups have been started
2020-08-17 15:24:38,643 INFO o.a.j.t.JMeterThread: Thread started: Thread Group 1-1
2020-08-17 15:24:39,163 INFO o.a.j.t.JMeterThread: Thread is done: Thread Group 1-1
2020-08-17 15:24:39,163 INFO o.a.j.t.JMeterThread: Thread finished: Thread Group 1-1
2020-08-17 15:24:39,166 INFO o.a.j.e.StandardJMeterEngine: Notifying test listeners of end of test
2020-08-17 15:24:39,166 INFO o.a.j.g.u.JMeterMenuBar: setRunning(false, *local*)
2020-08-17 15:26:14,934 INFO o.a.j.v.ViewResultsFullVisualizer: Add JavaFX to your Java installation if you want to use renderer: org.apache.jmeter.visualizers.RenderInBrowser
2020-08-17 15:26:14,996 INFO o.a.j.g.a.Load: Loading file: /home/arash/Desktop/automation-cicd-arashbidarian02/performance-project-jmeter/performance-tests/simple-login-00.jmx
2020-08-17 15:26:14,996 INFO o.a.j.s.FileServer: Set new base='/home/arash/Desktop/automation-cicd-arashbidarian02/performance-project-jmeter/performance-tests'
2020-08-17 15:26:14,996 INFO o.a.j.s.SaveService: Loading file: /home/arash/Desktop/automation-cicd-arashbidarian02/performance-project-jmeter/performance-tests/simple-login-00.jmx
2020-08-17 15:26:15,026 INFO o.a.j.v.ViewResultsFullVisualizer: Add JavaFX to your Java installation if you want to use renderer: org.apache.jmeter.visualizers.RenderInBrowser
2020-08-17 15:26:15,114 INFO o.a.j.s.FileServer: Set new base='/home/arash/Desktop/automation-cicd-arashbidarian02/performance-project-jmeter/performance-tests'
2020-08-18 08:44:29,959 INFO o.a.j.e.StandardJMeterEngine: Running the test!
2020-08-18 08:44:29,960 INFO o.a.j.s.SampleEvent: List of sample_variables: []
2020-08-18 08:44:29,961 INFO o.a.j.g.u.JMeterMenuBar: setRunning(true, *local*)
2020-08-18 08:44:30,166 INFO o.a.j.e.StandardJMeterEngine: Starting ThreadGroup: 1 : Thread Group
2020-08-18 08:44:30,166 INFO o.a.j.e.StandardJMeterEngine: Starting 10 threads for group Thread Group.
2020-08-18 08:44:30,166 INFO o.a.j.e.StandardJMeterEngine: Thread will continue on error
2020-08-18 08:44:30,166 INFO o.a.j.t.ThreadGroup: Starting thread group... number=1 threads=10 ramp-up=1 delayedStart=false
2020-08-18 08:44:30,167 INFO o.a.j.t.JMeterThread: Thread started: Thread Group 1-1
2020-08-18 08:44:30,201 INFO o.a.j.t.ThreadGroup: Started thread group number 1
2020-08-18 08:44:30,201 INFO o.a.j.e.StandardJMeterEngine: All thread groups have been started
2020-08-18 08:44:30,287 INFO o.a.j.t.JMeterThread: Thread started: Thread Group 1-2
2020-08-18 08:44:30,374 INFO o.a.j.t.JMeterThread: Thread started: Thread Group 1-3
2020-08-18 08:44:30,470 INFO o.a.j.t.JMeterThread: Thread started: Thread Group 1-4
2020-08-18 08:44:30,569 INFO o.a.j.t.JMeterThread: Thread started: Thread Group 1-5
2020-08-18 08:44:30,667 INFO o.a.j.t.JMeterThread: Thread started: Thread Group 1-6
2020-08-18 08:44:30,687 INFO o.a.j.t.JMeterThread: Thread is done: Thread Group 1-1
2020-08-18 08:44:30,688 INFO o.a.j.t.JMeterThread: Thread finished: Thread Group 1-1
2020-08-18 08:44:30,769 INFO o.a.j.t.JMeterThread: Thread started: Thread Group 1-7
2020-08-18 08:44:30,800 INFO o.a.j.t.JMeterThread: Thread is done: Thread Group 1-2
2020-08-18 08:44:30,800 INFO o.a.j.t.JMeterThread: Thread finished: Thread Group 1-2
2020-08-18 08:44:30,874 INFO o.a.j.t.JMeterThread: Thread started: Thread Group 1-8
2020-08-18 08:44:30,892 INFO o.a.j.t.JMeterThread: Thread is done: Thread Group 1-3
2020-08-18 08:44:30,893 INFO o.a.j.t.JMeterThread: Thread finished: Thread Group 1-3
2020-08-18 08:44:30,973 INFO o.a.j.t.JMeterThread: Thread started: Thread Group 1-9
2020-08-18 08:44:30,977 INFO o.a.j.t.JMeterThread: Thread is done: Thread Group 1-4
2020-08-18 08:44:30,977 INFO o.a.j.t.JMeterThread: Thread finished: Thread Group 1-4
2020-08-18 08:44:31,069 INFO o.a.j.t.JMeterThread: Thread started: Thread Group 1-10
2020-08-18 08:44:31,073 INFO o.a.j.t.JMeterThread: Thread is done: Thread Group 1-5
2020-08-18 08:44:31,073 INFO o.a.j.t.JMeterThread: Thread finished: Thread Group 1-5
2020-08-18 08:44:31,176 INFO o.a.j.t.JMeterThread: Thread is done: Thread Group 1-6
2020-08-18 08:44:31,176 INFO o.a.j.t.JMeterThread: Thread finished: Thread Group 1-6
2020-08-18 08:44:31,273 INFO o.a.j.t.JMeterThread: Thread is done: Thread Group 1-7
2020-08-18 08:44:31,273 INFO o.a.j.t.JMeterThread: Thread finished: Thread Group 1-7
2020-08-18 08:44:31,393 INFO o.a.j.t.JMeterThread: Thread is done: Thread Group 1-8
2020-08-18 08:44:31,394 INFO o.a.j.t.JMeterThread: Thread finished: Thread Group 1-8
2020-08-18 08:44:31,478 INFO o.a.j.t.JMeterThread: Thread is done: Thread Group 1-9
2020-08-18 08:44:31,478 INFO o.a.j.t.JMeterThread: Thread finished: Thread Group 1-9
2020-08-18 08:44:31,575 INFO o.a.j.t.JMeterThread: Thread is done: Thread Group 1-10
2020-08-18 08:44:31,575 INFO o.a.j.t.JMeterThread: Thread finished: Thread Group 1-10
2020-08-18 08:44:31,576 INFO o.a.j.e.StandardJMeterEngine: Notifying test listeners of end of test
2020-08-18 08:44:31,576 INFO o.a.j.g.u.JMeterMenuBar: setRunning(false, *local*)
